Determining if the include file pthread.h exists failed with the following output:
Change Dir: C:/Files/Sheamus/School/Senior/SeniorProject/sofa_1906_tips/src/out/build/x64-Debug/CMakeFiles/CMakeTmp

Run Build Command(s):C:/Program Files (x86)/Microsoft Visual Studio/2019/Community/Common7/IDE/CommonExtensions/Microsoft/CMake/Ninja/ninja.exe cmTC_77d42 && [1/2] Building C object CMakeFiles\cmTC_77d42.dir\CheckIncludeFile.c.obj
FAILED: CMakeFiles/cmTC_77d42.dir/CheckIncludeFile.c.obj 
"C:\PROGRA~2\Microsoft Visual Studio\2019\Community\VC\Tools\MSVC\14.28.29910\bin\Hostx64\x64\cl.exe"  /nologo   /DWIN32 /D_WINDOWS /W3  /MDd /Zi /Ob0 /Od /RTC1 /showIncludes /FoCMakeFiles\cmTC_77d42.dir\CheckIncludeFile.c.obj /FdCMakeFiles\cmTC_77d42.dir\ /FS -c CheckIncludeFile.c
CheckIncludeFile.c(1): fatal error C1083: Cannot open include file: 'pthread.h': No such file or directory
ninja: build stopped: subcommand failed.



Determining if the include file execinfo.h exists failed with the following output:
Change Dir: C:/Files/Sheamus/School/Senior/SeniorProject/sofa_1906_tips/src/out/build/x64-Debug/CMakeFiles/CMakeTmp

Run Build Command(s):C:/Program Files (x86)/Microsoft Visual Studio/2019/Community/Common7/IDE/CommonExtensions/Microsoft/CMake/Ninja/ninja.exe cmTC_74a8b && [1/2] Building C object CMakeFiles\cmTC_74a8b.dir\CheckIncludeFile.c.obj
FAILED: CMakeFiles/cmTC_74a8b.dir/CheckIncludeFile.c.obj 
"C:\PROGRA~2\Microsoft Visual Studio\2019\Community\VC\Tools\MSVC\14.28.29910\bin\Hostx64\x64\cl.exe"  /nologo   /DWIN32 /D_WINDOWS /W3  /MDd /Zi /Ob0 /Od /RTC1 /showIncludes /FoCMakeFiles\cmTC_74a8b.dir\CheckIncludeFile.c.obj /FdCMakeFiles\cmTC_74a8b.dir\ /FS -c CheckIncludeFile.c
CheckIncludeFile.c(1): fatal error C1083: Cannot open include file: 'execinfo.h': No such file or directory
ninja: build stopped: subcommand failed.



Determining if the function getline exists failed with the following output:
Change Dir: C:/Files/Sheamus/School/Senior/SeniorProject/sofa_1906_tips/src/out/build/x64-Debug/CMakeFiles/CMakeTmp

Run Build Command(s):C:/Program Files (x86)/Microsoft Visual Studio/2019/Community/Common7/IDE/CommonExtensions/Microsoft/CMake/Ninja/ninja.exe cmTC_d3f65 && [1/2] Building C object CMakeFiles\cmTC_d3f65.dir\CheckFunctionExists.c.obj
[2/2] Linking C executable cmTC_d3f65.exe
FAILED: cmTC_d3f65.exe 
cmd.exe /C "cd . && "C:\Program Files (x86)\Microsoft Visual Studio\2019\Community\Common7\IDE\CommonExtensions\Microsoft\CMake\CMake\bin\cmake.exe" -E vs_link_exe --intdir=CMakeFiles\cmTC_d3f65.dir --rc="C:\PROGRA~2\Windows Kits\10\bin\10.0.18362.0\x64\rc.exe" --mt="C:\PROGRA~2\Windows Kits\10\bin\10.0.18362.0\x64\mt.exe" --manifests  -- "C:\PROGRA~2\Microsoft Visual Studio\2019\Community\VC\Tools\MSVC\14.28.29910\bin\Hostx64\x64\link.exe" /nologo CMakeFiles\cmTC_d3f65.dir\CheckFunctionExists.c.obj  /out:cmTC_d3f65.exe /implib:cmTC_d3f65.lib /pdb:cmTC_d3f65.pdb /version:0.0 /machine:x64  /debug /INCREMENTAL /subsystem:console  kernel32.lib user32.lib gdi32.lib winspool.lib shell32.lib ole32.lib oleaut32.lib uuid.lib comdlg32.lib advapi32.lib && cd ."
LINK Pass 1: command "C:\PROGRA~2\Microsoft Visual Studio\2019\Community\VC\Tools\MSVC\14.28.29910\bin\Hostx64\x64\link.exe /nologo CMakeFiles\cmTC_d3f65.dir\CheckFunctionExists.c.obj /out:cmTC_d3f65.exe /implib:cmTC_d3f65.lib /pdb:cmTC_d3f65.pdb /version:0.0 /machine:x64 /debug /INCREMENTAL /subsystem:console kernel32.lib user32.lib gdi32.lib winspool.lib shell32.lib ole32.lib oleaut32.lib uuid.lib comdlg32.lib advapi32.lib /MANIFEST /MANIFESTFILE:CMakeFiles\cmTC_d3f65.dir/intermediate.manifest CMakeFiles\cmTC_d3f65.dir/manifest.res" failed (exit code 1120) with the following output:
CheckFunctionExists.c.obj : error LNK2019: unresolved external symbol getline referenced in function main
cmTC_d3f65.exe : fatal error LNK1120: 1 unresolved externals
ninja: build stopped: subcommand failed.



