Determining if the include file pthread.h exists failed with the following output:
Change Dir: C:/Files/Sheamus/School/Senior/SeniorProject/sofa_1906_tips/src/out/build/x64-Release/CMakeFiles/CMakeTmp

Run Build Command(s):C:/Program Files (x86)/Microsoft Visual Studio/2019/Community/MSBuild/Current/Bin/MSBuild.exe cmTC_02e6f.vcxproj /p:Configuration=Debug /p:Platform=x64 /p:VisualStudioVersion=16.0 /v:m && Microsoft (R) Build Engine version 16.9.0+57a23d249 for .NET Framework
Copyright (C) Microsoft Corporation. All rights reserved.

  Microsoft (R) C/C++ Optimizing Compiler Version 19.28.29912 for x64
  Copyright (C) Microsoft Corporation.  All rights reserved.
  CheckIncludeFile.c
  cl /c /Zi /W3 /WX- /diagnostics:column /Od /Ob0 /D WIN32 /D _WINDOWS /D "CMAKE_INTDIR=\"Debug\"" /D _MBCS /Gm- /RTC1 /MDd /GS /fp:precise /Zc:wchar_t /Zc:forScope /Zc:inline /Fo"cmTC_02e6f.dir\Debug\\" /Fd"cmTC_02e6f.dir\Debug\vc142.pdb" /Gd /TC /errorReport:queue "C:\Files\Sheamus\School\Senior\SeniorProject\sofa_1906_tips\src\out\build\x64-Release\CMakeFiles\CMakeTmp\CheckIncludeFile.c"
C:\Files\Sheamus\School\Senior\SeniorProject\sofa_1906_tips\src\out\build\x64-Release\CMakeFiles\CMakeTmp\CheckIncludeFile.c(1,10): fatal error C1083: Cannot open include file: 'pthread.h': No such file or directory [C:\Files\Sheamus\School\Senior\SeniorProject\sofa_1906_tips\src\out\build\x64-Release\CMakeFiles\CMakeTmp\cmTC_02e6f.vcxproj]



Determining if the include file execinfo.h exists failed with the following output:
Change Dir: C:/Files/Sheamus/School/Senior/SeniorProject/sofa_1906_tips/src/out/build/x64-Release/CMakeFiles/CMakeTmp

Run Build Command(s):C:/Program Files (x86)/Microsoft Visual Studio/2019/Community/MSBuild/Current/Bin/MSBuild.exe cmTC_69084.vcxproj /p:Configuration=Debug /p:Platform=x64 /p:VisualStudioVersion=16.0 /v:m && Microsoft (R) Build Engine version 16.9.0+57a23d249 for .NET Framework
Copyright (C) Microsoft Corporation. All rights reserved.

  Microsoft (R) C/C++ Optimizing Compiler Version 19.28.29912 for x64
  Copyright (C) Microsoft Corporation.  All rights reserved.
  CheckIncludeFile.c
  cl /c /Zi /W3 /WX- /diagnostics:column /Od /Ob0 /D WIN32 /D _WINDOWS /D "CMAKE_INTDIR=\"Debug\"" /D _MBCS /Gm- /RTC1 /MDd /GS /fp:precise /Zc:wchar_t /Zc:forScope /Zc:inline /Fo"cmTC_69084.dir\Debug\\" /Fd"cmTC_69084.dir\Debug\vc142.pdb" /Gd /TC /errorReport:queue "C:\Files\Sheamus\School\Senior\SeniorProject\sofa_1906_tips\src\out\build\x64-Release\CMakeFiles\CMakeTmp\CheckIncludeFile.c"
C:\Files\Sheamus\School\Senior\SeniorProject\sofa_1906_tips\src\out\build\x64-Release\CMakeFiles\CMakeTmp\CheckIncludeFile.c(1,10): fatal error C1083: Cannot open include file: 'execinfo.h': No such file or directory [C:\Files\Sheamus\School\Senior\SeniorProject\sofa_1906_tips\src\out\build\x64-Release\CMakeFiles\CMakeTmp\cmTC_69084.vcxproj]



Determining if the function getline exists failed with the following output:
Change Dir: C:/Files/Sheamus/School/Senior/SeniorProject/sofa_1906_tips/src/out/build/x64-Release/CMakeFiles/CMakeTmp

Run Build Command(s):C:/Program Files (x86)/Microsoft Visual Studio/2019/Community/MSBuild/Current/Bin/MSBuild.exe cmTC_63f70.vcxproj /p:Configuration=Debug /p:Platform=x64 /p:VisualStudioVersion=16.0 /v:m && Microsoft (R) Build Engine version 16.9.0+57a23d249 for .NET Framework
Copyright (C) Microsoft Corporation. All rights reserved.

  Microsoft (R) C/C++ Optimizing Compiler Version 19.28.29912 for x64
  Copyright (C) Microsoft Corporation.  All rights reserved.
  CheckFunctionExists.c
  cl /c /Zi /W3 /WX- /diagnostics:column /Od /Ob0 /D WIN32 /D _WINDOWS /D CHECK_FUNCTION_EXISTS=getline /D "CMAKE_INTDIR=\"Debug\"" /D _MBCS /Gm- /RTC1 /MDd /GS /fp:precise /Zc:wchar_t /Zc:forScope /Zc:inline /Fo"cmTC_63f70.dir\Debug\\" /Fd"cmTC_63f70.dir\Debug\vc142.pdb" /Gd /TC /errorReport:queue "C:\Program Files (x86)\Microsoft Visual Studio\2019\Community\Common7\IDE\CommonExtensions\Microsoft\CMake\CMake\share\cmake-3.19\Modules\CheckFunctionExists.c"
CheckFunctionExists.obj : error LNK2019: unresolved external symbol getline referenced in function main [C:\Files\Sheamus\School\Senior\SeniorProject\sofa_1906_tips\src\out\build\x64-Release\CMakeFiles\CMakeTmp\cmTC_63f70.vcxproj]
C:\Files\Sheamus\School\Senior\SeniorProject\sofa_1906_tips\src\out\build\x64-Release\CMakeFiles\CMakeTmp\Debug\cmTC_63f70.exe : fatal error LNK1120: 1 unresolved externals [C:\Files\Sheamus\School\Senior\SeniorProject\sofa_1906_tips\src\out\build\x64-Release\CMakeFiles\CMakeTmp\cmTC_63f70.vcxproj]



